<?xml version="1.0" encoding="UTF-8"?>
<!-- Generated by org.testng.reporters.JUnitXMLReporter -->
<testsuite hostname="CHDSEZ97152L.local" ignored="0" name="firefoxTest" tests="8" failures="2" timestamp="07 Mar 2018 06:25:27 GMT" time="175.55" errors="0">
  <testcase name="@AfterMethod getResult" time="0.004" classname="OLAMAuto.ExtentReportsClassVersion3">
    <failure type="org.openqa.selenium.NoSuchWindowException" message="no such window: target window already closed
from unknown error: web view not found
  (Session info: chrome=64.0.3282.186)
  (Driver info: chromedriver=2.33.506106 (8a06c39c4582fbfbab6966dbb1c38a9173bfb1a2),platform=Mac OS X 10.10.5 x86_64) (WARNING: The server did not provide any stacktrace information)
Command duration or timeout: 0 milliseconds
Build info: version: &amp;apos;3.5.3&amp;apos;, revision: &amp;apos;a88d25fe6b&amp;apos;, time: &amp;apos;2017-08-29T12:54:15.039Z&amp;apos;
System info: host: &amp;apos;CHDSEZ97152L.local&amp;apos;, ip: &amp;apos;10.64.105.118&amp;apos;, os.name: &amp;apos;Mac OS X&amp;apos;, os.arch: &amp;apos;x86_64&amp;apos;, os.version: &amp;apos;10.10.5&amp;apos;, java.version: &amp;apos;1.8.0_45&amp;apos;
Driver info: org.openqa.selenium.chrome.ChromeDriver
Capabilities [{mobileEmulationEnabled=false, hasTouchScreen=false, platform=MAC, acceptSslCerts=true, webStorageEnabled=true, browserName=chrome, takesScreenshot=true, javascriptEnabled=true, platformName=MAC, setWindowRect=true, unexpectedAlertBehaviour=, applicationCacheEnabled=false, rotatable=false, networkConnectionEnabled=false, chrome={chromedriverVersion=2.33.506106 (8a06c39c4582fbfbab6966dbb1c38a9173bfb1a2), userDataDir=/var/folders/2z/y453ppyn0h3gfc9ck84rqg780000gq/T/.org.chromium.Chromium.YoHBO3}, takesHeapSnapshot=true, pageLoadStrategy=normal, unhandledPromptBehavior=, databaseEnabled=false, handlesAlerts=true, version=64.0.3282.186, browserConnectionEnabled=false, nativeEvents=true, locationContextEnabled=true, cssSelectorsEnabled=true}]
Session ID: 5a52f7b1bc27b64c1e094f0ea4bdcf5f">
      <![CDATA[org.openqa.selenium.NoSuchWindowException: no such window: target window already closed
from unknown error: web view not found
  (Session info: chrome=64.0.3282.186)
  (Driver info: chromedriver=2.33.506106 (8a06c39c4582fbfbab6966dbb1c38a9173bfb1a2),platform=Mac OS X 10.10.5 x86_64) (WARNING: The server did not provide any stacktrace information)
Command duration or timeout: 0 milliseconds
Build info: version: '3.5.3', revision: 'a88d25fe6b', time: '2017-08-29T12:54:15.039Z'
System info: host: 'CHDSEZ97152L.local', ip: '10.64.105.118', os.name: 'Mac OS X', os.arch: 'x86_64', os.version: '10.10.5', java.version: '1.8.0_45'
Driver info: org.openqa.selenium.chrome.ChromeDriver
Capabilities [{mobileEmulationEnabled=false, hasTouchScreen=false, platform=MAC, acceptSslCerts=true, webStorageEnabled=true, browserName=chrome, takesScreenshot=true, javascriptEnabled=true, platformName=MAC, setWindowRect=true, unexpectedAlertBehaviour=, applicationCacheEnabled=false, rotatable=false, networkConnectionEnabled=false, chrome={chromedriverVersion=2.33.506106 (8a06c39c4582fbfbab6966dbb1c38a9173bfb1a2), userDataDir=/var/folders/2z/y453ppyn0h3gfc9ck84rqg780000gq/T/.org.chromium.Chromium.YoHBO3}, takesHeapSnapshot=true, pageLoadStrategy=normal, unhandledPromptBehavior=, databaseEnabled=false, handlesAlerts=true, version=64.0.3282.186, browserConnectionEnabled=false, nativeEvents=true, locationContextEnabled=true, cssSelectorsEnabled=true}]
Session ID: 5a52f7b1bc27b64c1e094f0ea4bdcf5f
	at org.openqa.selenium.remote.ErrorHandler.createThrowable(ErrorHandler.java:215)
	at org.openqa.selenium.remote.ErrorHandler.throwIfResponseFailed(ErrorHandler.java:167)
	at org.openqa.selenium.remote.http.JsonHttpResponseCodec.reconstructValue(JsonHttpResponseCodec.java:40)
	at org.openqa.selenium.remote.http.AbstractHttpResponseCodec.decode(AbstractHttpResponseCodec.java:82)
	at org.openqa.selenium.remote.http.AbstractHttpResponseCodec.decode(AbstractHttpResponseCodec.java:45)
	at org.openqa.selenium.remote.HttpCommandExecutor.execute(HttpCommandExecutor.java:164)
	at org.openqa.selenium.remote.service.DriverCommandExecutor.execute(DriverCommandExecutor.java:82)
	at org.openqa.selenium.remote.RemoteWebDriver.execute(RemoteWebDriver.java:646)
	at org.openqa.selenium.remote.RemoteWebDriver.execute(RemoteWebDriver.java:703)
	at org.openqa.selenium.remote.RemoteWebDriver.getScreenshotAs(RemoteWebDriver.java:388)
	at OLAMAuto.ExtentReportsClassVersion3.getScreenhot(ExtentReportsClassVersion3.java:68)
	at OLAMAuto.ExtentReportsClassVersion3.getResult(ExtentReportsClassVersion3.java:128)
	at java.util.concurrent.FutureTask.run(FutureTask.java:266)
	at java.util.concurrent.ThreadPoolExecutor.runWorker(ThreadPoolExecutor.java:1142)
	at java.util.concurrent.ThreadPoolExecutor$Worker.run(ThreadPoolExecutor.java:617)
	at java.lang.Thread.run(Thread.java:745)
... Removed 22 stack frames]]>
    </failure>
  </testcase> <!-- @AfterMethod getResult -->
  <testcase name="@BeforeMethod initiateSetup" time="0.0" classname="OLAMAuto.InvokeMain">
    <skipped/>
  </testcase> <!-- @BeforeMethod initiateSetup -->
  <testcase name="@BeforeMethod initiateSetup" time="0.0" classname="OLAMAuto.InvokeMain">
    <skipped/>
  </testcase> <!-- @BeforeMethod initiateSetup -->
  <testcase name="@BeforeMethod initiateSetup" time="0.0" classname="OLAMAuto.InvokeMain">
    <skipped/>
  </testcase> <!-- @BeforeMethod initiateSetup -->
  <testcase name="@BeforeMethod initiateSetup" time="0.0" classname="OLAMAuto.InvokeMain">
    <skipped/>
  </testcase> <!-- @BeforeMethod initiateSetup -->
  <testcase name="@BeforeMethod initiateSetup" time="0.0" classname="OLAMAuto.InvokeMain">
    <skipped/>
  </testcase> <!-- @BeforeMethod initiateSetup -->
  <testcase name="@AfterMethod getResult" time="0.005" classname="OLAMAuto.ExtentReportsClassVersion3">
    <failure type="org.openqa.selenium.NoSuchWindowException" message="no such window: target window already closed
from unknown error: web view not found
  (Session info: chrome=64.0.3282.186)
  (Driver info: chromedriver=2.33.506106 (8a06c39c4582fbfbab6966dbb1c38a9173bfb1a2),platform=Mac OS X 10.10.5 x86_64) (WARNING: The server did not provide any stacktrace information)
Command duration or timeout: 0 milliseconds
Build info: version: &amp;apos;3.5.3&amp;apos;, revision: &amp;apos;a88d25fe6b&amp;apos;, time: &amp;apos;2017-08-29T12:54:15.039Z&amp;apos;
System info: host: &amp;apos;CHDSEZ97152L.local&amp;apos;, ip: &amp;apos;10.64.105.118&amp;apos;, os.name: &amp;apos;Mac OS X&amp;apos;, os.arch: &amp;apos;x86_64&amp;apos;, os.version: &amp;apos;10.10.5&amp;apos;, java.version: &amp;apos;1.8.0_45&amp;apos;
Driver info: org.openqa.selenium.chrome.ChromeDriver
Capabilities [{mobileEmulationEnabled=false, hasTouchScreen=false, platform=MAC, acceptSslCerts=true, webStorageEnabled=true, browserName=chrome, takesScreenshot=true, javascriptEnabled=true, platformName=MAC, setWindowRect=true, unexpectedAlertBehaviour=, applicationCacheEnabled=false, rotatable=false, networkConnectionEnabled=false, chrome={chromedriverVersion=2.33.506106 (8a06c39c4582fbfbab6966dbb1c38a9173bfb1a2), userDataDir=/var/folders/2z/y453ppyn0h3gfc9ck84rqg780000gq/T/.org.chromium.Chromium.YoHBO3}, takesHeapSnapshot=true, pageLoadStrategy=normal, unhandledPromptBehavior=, databaseEnabled=false, handlesAlerts=true, version=64.0.3282.186, browserConnectionEnabled=false, nativeEvents=true, locationContextEnabled=true, cssSelectorsEnabled=true}]
Session ID: 5a52f7b1bc27b64c1e094f0ea4bdcf5f">
      <![CDATA[org.openqa.selenium.NoSuchWindowException: no such window: target window already closed
from unknown error: web view not found
  (Session info: chrome=64.0.3282.186)
  (Driver info: chromedriver=2.33.506106 (8a06c39c4582fbfbab6966dbb1c38a9173bfb1a2),platform=Mac OS X 10.10.5 x86_64) (WARNING: The server did not provide any stacktrace information)
Command duration or timeout: 0 milliseconds
Build info: version: '3.5.3', revision: 'a88d25fe6b', time: '2017-08-29T12:54:15.039Z'
System info: host: 'CHDSEZ97152L.local', ip: '10.64.105.118', os.name: 'Mac OS X', os.arch: 'x86_64', os.version: '10.10.5', java.version: '1.8.0_45'
Driver info: org.openqa.selenium.chrome.ChromeDriver
Capabilities [{mobileEmulationEnabled=false, hasTouchScreen=false, platform=MAC, acceptSslCerts=true, webStorageEnabled=true, browserName=chrome, takesScreenshot=true, javascriptEnabled=true, platformName=MAC, setWindowRect=true, unexpectedAlertBehaviour=, applicationCacheEnabled=false, rotatable=false, networkConnectionEnabled=false, chrome={chromedriverVersion=2.33.506106 (8a06c39c4582fbfbab6966dbb1c38a9173bfb1a2), userDataDir=/var/folders/2z/y453ppyn0h3gfc9ck84rqg780000gq/T/.org.chromium.Chromium.YoHBO3}, takesHeapSnapshot=true, pageLoadStrategy=normal, unhandledPromptBehavior=, databaseEnabled=false, handlesAlerts=true, version=64.0.3282.186, browserConnectionEnabled=false, nativeEvents=true, locationContextEnabled=true, cssSelectorsEnabled=true}]
Session ID: 5a52f7b1bc27b64c1e094f0ea4bdcf5f
	at org.openqa.selenium.remote.ErrorHandler.createThrowable(ErrorHandler.java:215)
	at org.openqa.selenium.remote.ErrorHandler.throwIfResponseFailed(ErrorHandler.java:167)
	at org.openqa.selenium.remote.http.JsonHttpResponseCodec.reconstructValue(JsonHttpResponseCodec.java:40)
	at org.openqa.selenium.remote.http.AbstractHttpResponseCodec.decode(AbstractHttpResponseCodec.java:82)
	at org.openqa.selenium.remote.http.AbstractHttpResponseCodec.decode(AbstractHttpResponseCodec.java:45)
	at org.openqa.selenium.remote.HttpCommandExecutor.execute(HttpCommandExecutor.java:164)
	at org.openqa.selenium.remote.service.DriverCommandExecutor.execute(DriverCommandExecutor.java:82)
	at org.openqa.selenium.remote.RemoteWebDriver.execute(RemoteWebDriver.java:646)
	at org.openqa.selenium.remote.RemoteWebDriver.execute(RemoteWebDriver.java:703)
	at org.openqa.selenium.remote.RemoteWebDriver.getScreenshotAs(RemoteWebDriver.java:388)
	at OLAMAuto.ExtentReportsClassVersion3.getScreenhot(ExtentReportsClassVersion3.java:68)
	at OLAMAuto.ExtentReportsClassVersion3.getResult(ExtentReportsClassVersion3.java:128)
	at java.util.concurrent.FutureTask.run(FutureTask.java:266)
	at java.util.concurrent.ThreadPoolExecutor.runWorker(ThreadPoolExecutor.java:1142)
	at java.util.concurrent.ThreadPoolExecutor$Worker.run(ThreadPoolExecutor.java:617)
	at java.lang.Thread.run(Thread.java:745)
... Removed 22 stack frames]]>
    </failure>
  </testcase> <!-- @AfterMethod getResult -->
  <testcase name="@BeforeMethod initiateSetup" time="0.0" classname="OLAMAuto.InvokeMain">
    <skipped/>
  </testcase> <!-- @BeforeMethod initiateSetup -->
  <testcase name="@BeforeMethod initiateSetup" time="0.0" classname="OLAMAuto.InvokeMain">
    <skipped/>
  </testcase> <!-- @BeforeMethod initiateSetup -->
  <testcase name="@BeforeMethod initiateSetup" time="0.0" classname="OLAMAuto.InvokeMain">
    <skipped/>
  </testcase> <!-- @BeforeMethod initiateSetup -->
  <testcase name="@BeforeMethod initiateSetup" time="0.0" classname="OLAMAuto.InvokeMain">
    <skipped/>
  </testcase> <!-- @BeforeMethod initiateSetup -->
  <testcase name="@BeforeMethod initiateSetup" time="0.0" classname="OLAMAuto.InvokeMain">
    <skipped/>
  </testcase> <!-- @BeforeMethod initiateSetup -->
  <testcase name="@BeforeMethod initiateSetup" time="0.0" classname="OLAMAuto.InvokeMain">
    <skipped/>
  </testcase> <!-- @BeforeMethod initiateSetup -->
  <testcase name="checkoutFlow" time="21.909" classname="OLAMAuto.InvokeMain">
    <failure type="org.openqa.selenium.ElementNotInteractableException" message="Element &amp;lt;a id=&amp;quot;ui-id-14&amp;quot; class=&amp;quot;level-top mobile_toggle_click ui-corner-all&amp;quot; href=&amp;quot;javascript:void(0)&amp;quot;&amp;gt; could not be scrolled into view
Build info: version: &amp;apos;3.5.3&amp;apos;, revision: &amp;apos;a88d25fe6b&amp;apos;, time: &amp;apos;2017-08-29T12:54:15.039Z&amp;apos;
System info: host: &amp;apos;CHDSEZ97152L.local&amp;apos;, ip: &amp;apos;10.64.105.118&amp;apos;, os.name: &amp;apos;Mac OS X&amp;apos;, os.arch: &amp;apos;x86_64&amp;apos;, os.version: &amp;apos;10.10.5&amp;apos;, java.version: &amp;apos;1.8.0_45&amp;apos;
Driver info: org.openqa.selenium.firefox.FirefoxDriver
Capabilities [{moz:profile=/var/folders/2z/y453ppyn0h3gfc9ck84rqg780000gq/T/rust_mozprofile.Hh2iWhhxE9ug, rotatable=false, timeouts={implicit=0, pageLoad=300000, script=30000}, pageLoadStrategy=normal, moz:headless=false, platform=MAC, moz:accessibilityChecks=false, acceptInsecureCerts=false, browserVersion=58.0.1, platformVersion=14.5.0, moz:processID=23402, browserName=firefox, javascriptEnabled=true, platformName=MAC, moz:webdriverClick=true}]
Session ID: 849bd52a-0a16-b743-a835-321e18c07f07">
      <![CDATA[org.openqa.selenium.ElementNotInteractableException: Element <a id="ui-id-14" class="level-top mobile_toggle_click ui-corner-all" href="javascript:void(0)"> could not be scrolled into view
Build info: version: '3.5.3', revision: 'a88d25fe6b', time: '2017-08-29T12:54:15.039Z'
System info: host: 'CHDSEZ97152L.local', ip: '10.64.105.118', os.name: 'Mac OS X', os.arch: 'x86_64', os.version: '10.10.5', java.version: '1.8.0_45'
Driver info: org.openqa.selenium.firefox.FirefoxDriver
Capabilities [{moz:profile=/var/folders/2z/y453ppyn0h3gfc9ck84rqg780000gq/T/rust_mozprofile.Hh2iWhhxE9ug, rotatable=false, timeouts={implicit=0, pageLoad=300000, script=30000}, pageLoadStrategy=normal, moz:headless=false, platform=MAC, moz:accessibilityChecks=false, acceptInsecureCerts=false, browserVersion=58.0.1, platformVersion=14.5.0, moz:processID=23402, browserName=firefox, javascriptEnabled=true, platformName=MAC, moz:webdriverClick=true}]
Session ID: 849bd52a-0a16-b743-a835-321e18c07f07
	at org.openqa.selenium.remote.http.W3CHttpResponseCodec.createException(W3CHttpResponseCodec.java:185)
	at org.openqa.selenium.remote.http.W3CHttpResponseCodec.decode(W3CHttpResponseCodec.java:120)
	at org.openqa.selenium.remote.http.W3CHttpResponseCodec.decode(W3CHttpResponseCodec.java:49)
	at org.openqa.selenium.remote.HttpCommandExecutor.execute(HttpCommandExecutor.java:164)
	at org.openqa.selenium.remote.service.DriverCommandExecutor.execute(DriverCommandExecutor.java:82)
	at org.openqa.selenium.remote.RemoteWebDriver.execute(RemoteWebDriver.java:646)
	at org.openqa.selenium.remote.RemoteWebElement.execute(RemoteWebElement.java:275)
	at org.openqa.selenium.remote.RemoteWebElement.click(RemoteWebElement.java:82)
	at OLAMAuto.AddToCart.Add_Olam(AddToCart.java:45)
	at OLAMAuto.InvokeMain.checkoutFlow(InvokeMain.java:90)
	at java.util.concurrent.FutureTask.run(FutureTask.java:266)
	at java.util.concurrent.ThreadPoolExecutor.runWorker(ThreadPoolExecutor.java:1142)
	at java.util.concurrent.ThreadPoolExecutor$Worker.run(ThreadPoolExecutor.java:617)
	at java.lang.Thread.run(Thread.java:745)
... Removed 20 stack frames]]>
    </failure>
  </testcase> <!-- checkoutFlow -->
  <testcase name="reorderFlow" time="60.657" classname="OLAMAuto.InvokeMain">
    <failure type="org.openqa.selenium.WebDriverException" message="Failed to find value field
Build info: version: &amp;apos;3.5.3&amp;apos;, revision: &amp;apos;a88d25fe6b&amp;apos;, time: &amp;apos;2017-08-29T12:54:15.039Z&amp;apos;
System info: host: &amp;apos;CHDSEZ97152L.local&amp;apos;, ip: &amp;apos;10.64.105.118&amp;apos;, os.name: &amp;apos;Mac OS X&amp;apos;, os.arch: &amp;apos;x86_64&amp;apos;, os.version: &amp;apos;10.10.5&amp;apos;, java.version: &amp;apos;1.8.0_45&amp;apos;
Driver info: org.openqa.selenium.firefox.FirefoxDriver
Capabilities [{moz:profile=/var/folders/2z/y453ppyn0h3gfc9ck84rqg780000gq/T/rust_mozprofile.w3n8t8PLdDxa, rotatable=false, timeouts={implicit=0, pageLoad=300000, script=30000}, pageLoadStrategy=normal, moz:headless=false, platform=MAC, moz:accessibilityChecks=false, acceptInsecureCerts=false, browserVersion=58.0.1, platformVersion=14.5.0, moz:processID=23460, browserName=firefox, javascriptEnabled=true, platformName=MAC, moz:webdriverClick=true}]
Session ID: c4d5ac89-7e00-7f43-a1bc-8409f62099c2
*** Element info: {Using=xpath, value=//button[@id=&amp;apos;btn-update-cart&amp;apos; and @class=&amp;apos;action update checkout&amp;apos;]}">
      <![CDATA[org.openqa.selenium.WebDriverException: Failed to find value field
Build info: version: '3.5.3', revision: 'a88d25fe6b', time: '2017-08-29T12:54:15.039Z'
System info: host: 'CHDSEZ97152L.local', ip: '10.64.105.118', os.name: 'Mac OS X', os.arch: 'x86_64', os.version: '10.10.5', java.version: '1.8.0_45'
Driver info: org.openqa.selenium.firefox.FirefoxDriver
Capabilities [{moz:profile=/var/folders/2z/y453ppyn0h3gfc9ck84rqg780000gq/T/rust_mozprofile.w3n8t8PLdDxa, rotatable=false, timeouts={implicit=0, pageLoad=300000, script=30000}, pageLoadStrategy=normal, moz:headless=false, platform=MAC, moz:accessibilityChecks=false, acceptInsecureCerts=false, browserVersion=58.0.1, platformVersion=14.5.0, moz:processID=23460, browserName=firefox, javascriptEnabled=true, platformName=MAC, moz:webdriverClick=true}]
Session ID: c4d5ac89-7e00-7f43-a1bc-8409f62099c2
*** Element info: {Using=xpath, value=//button[@id='btn-update-cart' and @class='action update checkout']}
	at org.openqa.selenium.remote.http.W3CHttpResponseCodec.createException(W3CHttpResponseCodec.java:185)
	at org.openqa.selenium.remote.http.W3CHttpResponseCodec.decode(W3CHttpResponseCodec.java:120)
	at org.openqa.selenium.remote.http.W3CHttpResponseCodec.decode(W3CHttpResponseCodec.java:49)
	at org.openqa.selenium.remote.HttpCommandExecutor.execute(HttpCommandExecutor.java:164)
	at org.openqa.selenium.remote.service.DriverCommandExecutor.execute(DriverCommandExecutor.java:82)
	at org.openqa.selenium.remote.RemoteWebDriver.execute(RemoteWebDriver.java:646)
	at org.openqa.selenium.remote.RemoteWebDriver.findElement(RemoteWebDriver.java:416)
	at org.openqa.selenium.remote.RemoteWebDriver.findElementByXPath(RemoteWebDriver.java:518)
	at org.openqa.selenium.By$ByXPath.findElement(By.java:361)
	at org.openqa.selenium.remote.RemoteWebDriver.findElement(RemoteWebDriver.java:408)
	at OLAMAuto.checkout.continue_ReviewOrder(checkout.java:65)
	at OLAMAuto.ReOrder.ReOrder_Olam(ReOrder.java:17)
	at OLAMAuto.InvokeMain.reorderFlow(InvokeMain.java:145)
	at java.util.concurrent.FutureTask.run(FutureTask.java:266)
	at java.util.concurrent.ThreadPoolExecutor.runWorker(ThreadPoolExecutor.java:1142)
	at java.util.concurrent.ThreadPoolExecutor$Worker.run(ThreadPoolExecutor.java:617)
	at java.lang.Thread.run(Thread.java:745)
... Removed 20 stack frames]]>
    </failure>
  </testcase> <!-- reorderFlow -->
  <testcase name="clearCartFlow" time="0.0" classname="OLAMAuto.InvokeMain">
    <skipped/>
  </testcase> <!-- clearCartFlow -->
  <testcase name="addToCart" time="0.0" classname="OLAMAuto.InvokeMain">
    <skipped/>
  </testcase> <!-- addToCart -->
  <testcase name="addMoreItems" time="0.0" classname="OLAMAuto.InvokeMain">
    <skipped/>
  </testcase> <!-- addMoreItems -->
  <testcase name="RecentOrdItems" time="0.0" classname="OLAMAuto.InvokeMain">
    <skipped/>
  </testcase> <!-- RecentOrdItems -->
  <testcase name="NavReviewOrdPage" time="0.0" classname="OLAMAuto.InvokeMain">
    <skipped/>
  </testcase> <!-- NavReviewOrdPage -->
  <testcase name="ProdCategoryPage" time="0.0" classname="OLAMAuto.InvokeMain">
    <skipped/>
  </testcase> <!-- ProdCategoryPage -->
</testsuite> <!-- firefoxTest -->
