<?xml version="1.0" encoding="UTF-8"?>
<!-- Generated by org.testng.reporters.JUnitXMLReporter -->
<testsuite hostname="CHDSEZ97152L.local" ignored="7" name="SafariTest" tests="1" failures="0" timestamp="27 Feb 2018 10:10:11 GMT" time="0.536" errors="0">
  <testcase name="@BeforeMethod initiateSetup" time="0.139" classname="OLAMAuto.InvokeMain">
    <failure type="org.openqa.selenium.WebDriverException" message="SafariDriver requires Safari 10 running on OSX El Capitan or greater.
Build info: version: &amp;apos;3.5.3&amp;apos;, revision: &amp;apos;a88d25fe6b&amp;apos;, time: &amp;apos;2017-08-29T12:54:15.039Z&amp;apos;
System info: host: &amp;apos;CHDSEZ97152L.local&amp;apos;, ip: &amp;apos;10.64.101.42&amp;apos;, os.name: &amp;apos;Mac OS X&amp;apos;, os.arch: &amp;apos;x86_64&amp;apos;, os.version: &amp;apos;10.10.5&amp;apos;, java.version: &amp;apos;1.8.0_45&amp;apos;
Driver info: driver.version: SafariDriver">
      <![CDATA[org.openqa.selenium.WebDriverException: SafariDriver requires Safari 10 running on OSX El Capitan or greater.
Build info: version: '3.5.3', revision: 'a88d25fe6b', time: '2017-08-29T12:54:15.039Z'
System info: host: 'CHDSEZ97152L.local', ip: '10.64.101.42', os.name: 'Mac OS X', os.arch: 'x86_64', os.version: '10.10.5', java.version: '1.8.0_45'
Driver info: driver.version: SafariDriver
	at org.openqa.selenium.safari.SafariDriver.getExecutor(SafariDriver.java:66)
	at org.openqa.selenium.safari.SafariDriver.<init>(SafariDriver.java:60)
	at org.openqa.selenium.safari.SafariDriver.<init>(SafariDriver.java:40)
	at OLAMAuto.InvokeMain.initiateSetup(InvokeMain.java:51)
	at java.util.concurrent.FutureTask.run(FutureTask.java:266)
	at java.util.concurrent.ThreadPoolExecutor.runWorker(ThreadPoolExecutor.java:1142)
	at java.util.concurrent.ThreadPoolExecutor$Worker.run(ThreadPoolExecutor.java:617)
	at java.lang.Thread.run(Thread.java:745)
... Removed 18 stack frames]]>
    </failure>
  </testcase> <!-- @BeforeMethod initiateSetup -->
  <testcase name="@AfterTest endReport" time="0.0" classname="OLAMAuto.ExtentReportsClassVersion3">
    <skipped/>
  </testcase> <!-- @AfterTest endReport -->
  <testcase name="checkoutFlow" time="0.001" classname="OLAMAuto.InvokeMain">
    <skipped/>
  </testcase> <!-- checkoutFlow -->
  <testcase name="addMoreItems" time="0.0" classname="OLAMAuto.InvokeMain">
    <ignored/>
  </testcase> <!-- addMoreItems -->
  <testcase name="RecentOrdItems" time="0.0" classname="OLAMAuto.InvokeMain">
    <ignored/>
  </testcase> <!-- RecentOrdItems -->
  <testcase name="ProdCategoryPage" time="0.0" classname="OLAMAuto.InvokeMain">
    <ignored/>
  </testcase> <!-- ProdCategoryPage -->
  <testcase name="clearCartFlow" time="0.0" classname="OLAMAuto.InvokeMain">
    <ignored/>
  </testcase> <!-- clearCartFlow -->
  <testcase name="reorderFlow" time="0.0" classname="OLAMAuto.InvokeMain">
    <ignored/>
  </testcase> <!-- reorderFlow -->
  <testcase name="NavReviewOrdPage" time="0.0" classname="OLAMAuto.InvokeMain">
    <ignored/>
  </testcase> <!-- NavReviewOrdPage -->
  <testcase name="addToCart" time="0.0" classname="OLAMAuto.InvokeMain">
    <ignored/>
  </testcase> <!-- addToCart -->
</testsuite> <!-- SafariTest -->
