<?xml version="1.0" encoding="UTF-8"?>
<!-- Generated by org.testng.reporters.JUnitReportReporter -->
<testsuite skipped="8" hostname="CHDSEZ97152L.local" name="OLAMAuto.InvokeMain" tests="9" failures="0" timestamp="07 Mar 2018 06:51:42 GMT" time="0.000" errors="1">
  <testcase name="initiateSetup" time="0.000" classname="OLAMAuto.InvokeMain">
    <error type="org.testng.TestNGException" message="
Parameter &#039;browser&#039; is required by BeforeMethod on method initiateSetup but has not been marked @Optional or defined
in /private/var/folders/2z/y453ppyn0h3gfc9ck84rqg780000gq/T/testng-eclipse--2033425470/testng-customsuite.xml">
      <![CDATA[org.testng.TestNGException: 
Parameter 'browser' is required by BeforeMethod on method initiateSetup but has not been marked @Optional or defined
in /private/var/folders/2z/y453ppyn0h3gfc9ck84rqg780000gq/T/testng-eclipse--2033425470/testng-customsuite.xml
	at org.testng.internal.Parameters.createParameters(Parameters.java:199)
	at org.testng.internal.Parameters.createParameters(Parameters.java:443)
	at org.testng.internal.Parameters.createConfigurationParameters(Parameters.java:118)
	at org.testng.internal.Invoker.invokeConfigurations(Invoker.java:206)
	at org.testng.internal.Invoker.invokeMethod(Invoker.java:599)
	at org.testng.internal.Invoker.invokeTestMethod(Invoker.java:869)
	at org.testng.internal.Invoker.invokeTestMethods(Invoker.java:1193)
	at org.testng.internal.TestMethodWorker.invokeTestMethods(TestMethodWorker.java:126)
	at org.testng.internal.TestMethodWorker.run(TestMethodWorker.java:109)
	at org.testng.TestRunner.privateRun(TestRunner.java:744)
	at org.testng.TestRunner.run(TestRunner.java:602)
	at org.testng.SuiteRunner.runTest(SuiteRunner.java:380)
	at org.testng.SuiteRunner.runSequentially(SuiteRunner.java:375)
	at org.testng.SuiteRunner.privateRun(SuiteRunner.java:340)
	at org.testng.SuiteRunner.run(SuiteRunner.java:289)
	at org.testng.SuiteRunnerWorker.runSuite(SuiteRunnerWorker.java:52)
	at org.testng.SuiteRunnerWorker.run(SuiteRunnerWorker.java:86)
	at org.testng.TestNG.runSuitesSequentially(TestNG.java:1301)
	at org.testng.TestNG.runSuitesLocally(TestNG.java:1226)
	at org.testng.TestNG.runSuites(TestNG.java:1144)
	at org.testng.TestNG.run(TestNG.java:1115)
	at org.testng.remote.AbstractRemoteTestNG.run(AbstractRemoteTestNG.java:132)
	at org.testng.remote.RemoteTestNG.initAndRun(RemoteTestNG.java:230)
	at org.testng.remote.RemoteTestNG.main(RemoteTestNG.java:76)
]]>
    </error>
  </testcase> <!-- initiateSetup -->
  <testcase name="checkoutFlow" time="0.000" classname="OLAMAuto.InvokeMain">
    <skipped/>
  </testcase> <!-- checkoutFlow -->
  <testcase name="reorderFlow" time="0.000" classname="OLAMAuto.InvokeMain">
    <skipped/>
  </testcase> <!-- reorderFlow -->
  <testcase name="clearCartFlow" time="0.000" classname="OLAMAuto.InvokeMain">
    <skipped/>
  </testcase> <!-- clearCartFlow -->
  <testcase name="addToCart" time="0.000" classname="OLAMAuto.InvokeMain">
    <skipped/>
  </testcase> <!-- addToCart -->
  <testcase name="addMoreItems" time="0.000" classname="OLAMAuto.InvokeMain">
    <skipped/>
  </testcase> <!-- addMoreItems -->
  <testcase name="RecentOrdItems" time="0.000" classname="OLAMAuto.InvokeMain">
    <skipped/>
  </testcase> <!-- RecentOrdItems -->
  <testcase name="NavReviewOrdPage" time="0.000" classname="OLAMAuto.InvokeMain">
    <skipped/>
  </testcase> <!-- NavReviewOrdPage -->
  <testcase name="ProdCategoryPage" time="0.000" classname="OLAMAuto.InvokeMain">
    <skipped/>
  </testcase> <!-- ProdCategoryPage -->
</testsuite> <!-- OLAMAuto.InvokeMain -->
